{"name": "test3", "status": "failed", "statusDetails": {"message": "AssertionError: This is a test failure.\nassert False", "trace": "self = <test_one.TestDemo object at 0x00000158DD30F590>\nRecordAVideoWhenFails = {'video_path': 'C:\\\\Users\\\\Administrator\\\\pythonProject\\\\screenshots/video_20240917_224527.mp4'}\ne = <Base.Base.Base object at 0x00000158DBC179E0>\n\n    @allure.feature('打开vivo健康')\n    def test3(self, RecordAVideoWhenFails, e):\n        time.sleep(3)\n        # 获取录屏路径\n        video_path = RecordAVideoWhenFails[\"video_path\"]\n        # 测试逻辑\n>       assert False, \"This is a test failure.\"\nE       AssertionError: This is a test failure.\nE       assert False\n\nScripts\\test_one.py:24: AssertionError"}, "start": 1726584328600, "stop": 1726584331600, "uuid": "5667c772-ee90-41f5-b104-6825abbd4afb", "historyId": "6574e40454d485989da9ab7c4f03266a", "testCaseId": "6574e40454d485989da9ab7c4f03266a", "fullName": "Scripts.test_one.TestDemo#test3", "labels": [{"name": "feature", "value": "打开vivo健康"}, {"name": "parentSuite", "value": "Scripts"}, {"name": "suite", "value": "test_one"}, {"name": "subSuite", "value": "TestDemo"}, {"name": "host", "value": "ak"}, {"name": "thread", "value": "10544-MainThread"}, {"name": "framework", "value": "pytest"}, {"name": "language", "value": "cpython3"}, {"name": "package", "value": "Scripts.test_one"}]}